# JRE version: OpenJDK Runtime Environment Temurin-17.0.2+8 (17.0.2+8) (build 17.0.2+8)
# Java VM: OpenJDK 64-Bit Server VM Temurin-17.0.2+8 (17.0.2+8, mixed mode, tiered, compressed oops, compressed class ptrs, g1 gc, windows-amd64)
GC Precious Log:
 CPUs: 8 total, 8 available
 Memory: 7967M
 Large Page Support: Disabled
 NUMA Support: Disabled
 Compressed Oops: Enabled (32-bit)
 Heap Region Size: 1M
 Heap Min Capacity: 8M
 Heap Initial Capacity: 126M
 Heap Max Capacity: 1992M
 Pre-touch: Disabled
 Parallel Workers: 8
 Concurrent Workers: 2
 Concurrent Refinement Workers: 8
 Periodic GC: Disabled
Heap:
 garbage-first heap   total 20480K, used 9454K [0x0000000083800000, 0x0000000100000000)
  region size 1024K, 2 young (2048K), 1 survivors (1024K)
 Metaspace       used 25941K, committed 26176K, reserved 1073152K
  class space    used 2688K, committed 2816K, reserved 1048576K
GC Heap History (8 events):
Event: 1.094 GC heap before
{Heap before GC invocations=0 (full 0):
 garbage-first heap   total 129024K, used 17408K [0x0000000083800000, 0x0000000100000000)
  region size 1024K, 19 young (19456K), 0 survivors (0K)
 Metaspace       used 21327K, committed 21504K, reserved 1073152K
  class space    used 2240K, committed 2368K, reserved 1048576K
}
Event: 1.098 GC heap after
{Heap after GC invocations=1 (full 0):
 garbage-first heap   total 129024K, used 3392K [0x0000000083800000, 0x0000000100000000)
  region size 1024K, 3 young (3072K), 3 survivors (3072K)
 Metaspace       used 21327K, committed 21504K, reserved 1073152K
  class space    used 2240K, committed 2368K, reserved 1048576K
}
Event: 1.818 GC heap before
{Heap before GC invocations=2 (full 0):
 garbage-first heap   total 17408K, used 12608K [0x0000000083800000, 0x0000000100000000)
  region size 1024K, 8 young (8192K), 3 survivors (3072K)
 Metaspace       used 25239K, committed 25472K, reserved 1073152K
  class space    used 2659K, committed 2816K, reserved 1048576K
}
Event: 1.825 GC heap after
{Heap after GC invocations=3 (full 0):
 garbage-first heap   total 18432K, used 9481K [0x0000000083800000, 0x0000000100000000)
  region size 1024K, 1 young (1024K), 1 survivors (1024K)
 Metaspace       used 25239K, committed 25472K, reserved 1073152K
  class space    used 2659K, committed 2816K, reserved 1048576K
}
Event: 6.922 GC heap before
{Heap before GC invocations=3 (full 0):
 garbage-first heap   total 18432K, used 10505K [0x0000000083800000, 0x0000000100000000)
  region size 1024K, 2 young (2048K), 1 survivors (1024K)
 Metaspace       used 25620K, committed 25856K, reserved 1073152K
  class space    used 2678K, committed 2816K, reserved 1048576K
}
Event: 6.924 GC heap after
{Heap after GC invocations=4 (full 0):
 garbage-first heap   total 18432K, used 9618K [0x0000000083800000, 0x0000000100000000)
  region size 1024K, 1 young (1024K), 1 survivors (1024K)
 Metaspace       used 25620K, committed 25856K, reserved 1073152K
  class space    used 2678K, committed 2816K, reserved 1048576K
}
Event: 77.136 GC heap before
{Heap before GC invocations=4 (full 0):
 garbage-first heap   total 18432K, used 11666K [0x0000000083800000, 0x0000000100000000)
  region size 1024K, 3 young (3072K), 1 survivors (1024K)
 Metaspace       used 25911K, committed 26112K, reserved 1073152K
  class space    used 2687K, committed 2816K, reserved 1048576K
}
Event: 77.145 GC heap after
{Heap after GC invocations=5 (full 0):
 garbage-first heap   total 18432K, used 9454K [0x0000000083800000, 0x0000000100000000)
  region size 1024K, 1 young (1024K), 1 survivors (1024K)
 Metaspace       used 25911K, committed 26112K, reserved 1073152K
  class space    used 2687K, committed 2816K, reserved 1048576K
}

